[2015-11-12 23:30:08] START
[2015-11-12 23:53:51] CREATE db_difflet.py: 0
[2015-11-12 23:58:32] EDIT diffLet/models/db_difflet.py: 11
[2015-11-12 23:58:54] EDIT diffLet/models/db_difflet.py: 2
[2015-11-12 23:59:42] EDIT diffLet/models/db_difflet.py: 4
[2015-11-12 23:59:54] EDIT diffLet/models/db_difflet.py: 0
[2015-11-13 00:00:51] EDIT diffLet/models/db_difflet.py: 0
[2015-11-13 00:00:57] EDIT diffLet/models/db_difflet.py: -4
[2015-11-13 00:01:00] EDIT diffLet/models/db_difflet.py: 0
[2015-11-13 00:38:19] EDIT diffLet/models/db_difflet.py: -3
[2015-11-13 00:39:19] EDIT diffLet/models/db_difflet.py: 0
[2015-11-13 00:39:19] EDIT diffLet/models/db_difflet.py: 0
[2015-11-13 00:39:20] EDIT diffLet/models/db_difflet.py: 0
[2015-11-13 01:19:25] EDIT diffLet/controllers/default.py: 4
[2015-11-13 01:20:58] EDIT diffLet/controllers/default.py: 0
[2015-11-13 01:50:02] EDIT diffLet/controllers/default.py: 4
[2015-11-13 01:50:35] EDIT diffLet/controllers/default.py: 0
[2015-11-13 01:50:59] EDIT diffLet/controllers/default.py: 2
[2015-11-13 01:51:37] CREATE default/difflet.html: 0
[2015-11-13 01:54:46] EDIT diffLet/controllers/default.py: 0
[2015-11-13 01:57:47] EDIT diffLet/views/default/difflet.html: 12
[2015-11-13 01:58:53] EDIT diffLet/views/default/difflet.html: 3
[2015-11-13 01:58:57] EDIT diffLet/views/default/difflet.html: 0
[2015-11-13 01:59:29] EDIT diffLet/views/default/difflet.html: 6
[2015-11-13 02:00:08] EDIT diffLet/views/default/difflet.html: 4
[2015-11-13 02:00:19] EDIT diffLet/views/default/difflet.html: 1
[2015-11-13 02:10:02] EDIT diffLet/views/default/difflet.html: 0
